#
# There is insufficient memory for the Java Runtime Environment to continue.
# Native memory allocation (malloc) failed to allocate 912976 bytes. Error detail: Chunk::new
# Possible reasons:
#   The system is out of physical RAM or swap space
#   This process is running with CompressedOops enabled, and the Java Heap may be blocking the growth of the native heap
# Possible solutions:
#   Reduce memory load on the system
#   Increase physical memory or swap space
#   Check if swap backing store is full
#   Decrease Java heap size (-Xmx/-Xms)
#   Decrease number of Java threads
#   Decrease Java thread stack sizes (-Xss)
#   Set larger code cache with -XX:ReservedCodeCacheSize=
#   JVM is running with Unscaled Compressed Oops mode in which the Java heap is
#     placed in the first 4GB address space. The Java Heap base address is the
#     maximum limit for the native heap growth. Please use -XX:HeapBaseMinAddress
#     to set the Java Heap base and to place the Java Heap above 4GB virtual address.
# This output file may be truncated or incomplete.
#
#  Out of Memory Error (arena.cpp:149), pid=10776, tid=14348
#
# JRE version: Java(TM) SE Runtime Environment (23.0.1+11) (build 23.0.1+11-39)
# Java VM: Java HotSpot(TM) 64-Bit Server VM (23.0.1+11-39, mixed mode, sharing, tiered, compressed oops, compressed class ptrs, g1 gc, windows-amd64)
# No core dump will be written. Minidumps are not enabled by default on client versions of Windows
#

---------------  S U M M A R Y ------------

Command Line: Vista.secciones

Host: Intel(R) Core(TM) i3-1005G1 CPU @ 1.20GHz, 4 cores, 3G,  Windows 11 , 64 bit Build 22621 (10.0.22621.4391)
Time: Fri Feb 21 09:54:14 2025 Hora est. Pacífico, Sudamérica elapsed time: 6363.600999 seconds (0d 1h 46m 3s)

---------------  T H R E A D  ---------------

Current thread (0x000001e0977bbfd0):  JavaThread "C2 CompilerThread0" daemon [_thread_in_native, id=14348, stack(0x0000004d97600000,0x0000004d97700000) (1024K)]


Current CompileTask:
C2:6363602 2575 %     4       sun.java2d.marlin.Renderer::_endRendering @ 808 (2646 bytes)

Stack: [0x0000004d97600000,0x0000004d97700000]
Native frames: (J=compiled Java code, j=interpreted, Vv=VM code, C=native code)
V  [jvm.dll+0x6e08b9]  (no source info available)
V  [jvm.dll+0x87dc83]  (no source info available)
V  [jvm.dll+0x88010e]  (no source info available)
V  [jvm.dll+0x8807e3]  (no source info available)
V  [jvm.dll+0x27aee6]  (no source info available)
V  [jvm.dll+0xbc06f]  (no source info available)
V  [jvm.dll+0xbc2cb]  (no source info available)
V  [jvm.dll+0x3b3a62]  (no source info available)
V  [jvm.dll+0x1dc19c]  (no source info available)
V  [jvm.dll+0x244be5]  (no source info available)
V  [jvm.dll+0x243dff]  (no source info available)
V  [jvm.dll+0x1c33a0]  (no source info available)
V  [jvm.dll+0x253cf1]  (no source info available)
V  [jvm.dll+0x251faa]  (no source info available)
V  [jvm.dll+0x3ee036]  (no source info available)
V  [jvm.dll+0x824f8b]  (no source info available)
V  [jvm.dll+0x6df065]  (no source info available)
C  [ucrtbase.dll+0x29333]  (no source info available)
C  [KERNEL32.DLL+0x1259d]  (no source info available)
C  [ntdll.dll+0x5af38]  (no source info available)

Lock stack of current Java thread (top to bottom):


---------------  P R O C E S S  ---------------

Threads class SMR info:
_java_thread_list=0x000001e0dea8b8c0, length=16, elements={
0x000001e0977a82d0, 0x000001e0977a8dd0, 0x000001e0977af010, 0x000001e0977afa70,
0x000001e0977b4820, 0x000001e0977b53b0, 0x000001e0977bbfd0, 0x000001e0977bebd0,
0x000001e0979108c0, 0x000001e097915d80, 0x000001e097b9ba20, 0x000001e097b9f760,
0x000001e097b9fdd0, 0x000001e0dd77e170, 0x000001e0f96d1470, 0x000001e0de6a9cd0
}

Java Threads: ( => current thread )
  0x000001e0977a82d0 JavaThread "Reference Handler"          daemon [_thread_blocked, id=10592, stack(0x0000004d97000000,0x0000004d97100000) (1024K)]
  0x000001e0977a8dd0 JavaThread "Finalizer"                  daemon [_thread_blocked, id=15020, stack(0x0000004d97100000,0x0000004d97200000) (1024K)]
  0x000001e0977af010 JavaThread "Signal Dispatcher"          daemon [_thread_blocked, id=13508, stack(0x0000004d97200000,0x0000004d97300000) (1024K)]
  0x000001e0977afa70 JavaThread "Attach Listener"            daemon [_thread_blocked, id=15180, stack(0x0000004d97300000,0x0000004d97400000) (1024K)]
  0x000001e0977b4820 JavaThread "Service Thread"             daemon [_thread_blocked, id=14788, stack(0x0000004d97400000,0x0000004d97500000) (1024K)]
  0x000001e0977b53b0 JavaThread "Monitor Deflation Thread"   daemon [_thread_blocked, id=14372, stack(0x0000004d97500000,0x0000004d97600000) (1024K)]
=>0x000001e0977bbfd0 JavaThread "C2 CompilerThread0"         daemon [_thread_in_native, id=14348, stack(0x0000004d97600000,0x0000004d97700000) (1024K)]
  0x000001e0977bebd0 JavaThread "C1 CompilerThread0"         daemon [_thread_blocked, id=12940, stack(0x0000004d97700000,0x0000004d97800000) (1024K)]
  0x000001e0979108c0 JavaThread "Notification Thread"        daemon [_thread_blocked, id=10924, stack(0x0000004d97800000,0x0000004d97900000) (1024K)]
  0x000001e097915d80 JavaThread "Common-Cleaner"             daemon [_thread_blocked, id=8692, stack(0x0000004d97900000,0x0000004d97a00000) (1024K)]
  0x000001e097b9ba20 JavaThread "Java2D Disposer"            daemon [_thread_blocked, id=4464, stack(0x0000004d97a00000,0x0000004d97b00000) (1024K)]
  0x000001e097b9f760 JavaThread "AWT-Shutdown"                      [_thread_blocked, id=9976, stack(0x0000004d97b00000,0x0000004d97c00000) (1024K)]
  0x000001e097b9fdd0 JavaThread "AWT-Windows"                daemon [_thread_in_native, id=2964, stack(0x0000004d97c00000,0x0000004d97d00000) (1024K)]
  0x000001e0dd77e170 JavaThread "AWT-EventQueue-0"                  [_thread_blocked, id=2056, stack(0x0000004d97d00000,0x0000004d97e00000) (1024K)]
  0x000001e0f96d1470 JavaThread "DestroyJavaVM"                     [_thread_blocked, id=5964, stack(0x0000004d96800000,0x0000004d96900000) (1024K)]
  0x000001e0de6a9cd0 JavaThread "TimerQueue"                 daemon [_thread_blocked, id=13296, stack(0x0000004d98200000,0x0000004d98300000) (1024K)]
Total: 16

Other Threads:
  0x000001e0fb99e350 VMThread "VM Thread"                           [id=8936, stack(0x0000004d96f00000,0x0000004d97000000) (1024K)]
  0x000001e09778c9b0 WatcherThread "VM Periodic Task Thread"        [id=12848, stack(0x0000004d96e00000,0x0000004d96f00000) (1024K)]
  0x000001e0fb9138c0 WorkerThread "GC Thread#0"                     [id=13584, stack(0x0000004d96900000,0x0000004d96a00000) (1024K)]
  0x000001e0dd354400 WorkerThread "GC Thread#1"                     [id=14624, stack(0x0000004d97f00000,0x0000004d98000000) (1024K)]
  0x000001e0dd354b60 WorkerThread "GC Thread#2"                     [id=11756, stack(0x0000004d98000000,0x0000004d98100000) (1024K)]
  0x000001e0dd3547b0 WorkerThread "GC Thread#3"                     [id=8664, stack(0x0000004d98100000,0x0000004d98200000) (1024K)]
  0x000001e0fb91f3f0 ConcurrentGCThread "G1 Main Marker"            [id=2508, stack(0x0000004d96a00000,0x0000004d96b00000) (1024K)]
  0x000001e0fb91ff50 WorkerThread "G1 Conc#0"                       [id=1388, stack(0x0000004d96b00000,0x0000004d96c00000) (1024K)]
  0x000001e0fb97b540 ConcurrentGCThread "G1 Refine#0"               [id=4300, stack(0x0000004d96c00000,0x0000004d96d00000) (1024K)]
  0x000001e0fb97bf60 ConcurrentGCThread "G1 Service"                [id=12652, stack(0x0000004d96d00000,0x0000004d96e00000) (1024K)]
Total: 10

Threads with active compile tasks:
C2 CompilerThread0  6364097 2575 %     4       sun.java2d.marlin.Renderer::_endRendering @ 808 (2646 bytes)
Total: 1

VM state: not at safepoint (normal execution)

VM Mutex/Monitor currently owned by a thread: None

Heap address: 0x00000000c3200000, size: 974 MB, Compressed Oops mode: 32-bit

CDS archive(s) mapped at: [0x000001e098000000-0x000001e098d70000-0x000001e098d70000), size 14090240, SharedBaseAddress: 0x000001e098000000, ArchiveRelocationMode: 1.
Compressed class space mapped at: 0x000001e099000000-0x000001e0d9000000, reserved size: 1073741824
Narrow klass base: 0x000001e098000000, Narrow klass shift: 0, Narrow klass range: 0x41000000

GC Precious Log:
 CardTable entry size: 512
 Card Set container configuration: InlinePtr #cards 5 size 8 Array Of Cards #cards 10 size 36 Howl #buckets 4 coarsen threshold 1843 Howl Bitmap #cards 512 size 80 coarsen threshold 460 Card regions per heap region 1 cards per card region 2048
 CPUs: 4 total, 4 available
 Memory: 3891M
 Large Page Support: Disabled
 NUMA Support: Disabled
 Compressed Oops: Enabled (32-bit)
 Heap Region Size: 1M
 Heap Min Capacity: 8M
 Heap Initial Capacity: 62M
 Heap Max Capacity: 974M
 Pre-touch: Disabled
 Parallel Workers: 4
 Concurrent Workers: 1
 Concurrent Refinement Workers: 4
 Periodic GC: Disabled

Heap:
 garbage-first heap   total reserved 997376K, committed 63488K, used 16240K [0x00000000c3200000, 0x0000000100000000)
  region size 1024K, 11 young (11264K), 2 survivors (2048K)
 Metaspace       used 15156K, committed 15360K, reserved 1114112K
  class space    used 1771K, committed 1856K, reserved 1048576K

Heap Regions: E=young(eden), S=young(survivor), O=old, HS=humongous(starts), HC=humongous(continues), CS=collection set, F=free, TAMS=top-at-mark-start, PB=parsable bottom
|   0|0x00000000c3200000, 0x00000000c3300000, 0x00000000c3300000|100%| O|  |TAMS 0x00000000c3200000| PB 0x00000000c3200000| Untracked |  0
|   1|0x00000000c3300000, 0x00000000c33dc000, 0x00000000c3400000| 85%| O|  |TAMS 0x00000000c3300000| PB 0x00000000c3300000| Untracked |  0
|   2|0x00000000c3400000, 0x00000000c3500000, 0x00000000c3500000|100%|HS|  |TAMS 0x00000000c3400000| PB 0x00000000c3400000| Complete |  1
|   3|0x00000000c3500000, 0x00000000c3600000, 0x00000000c3600000|100%|HC|  |TAMS 0x00000000c3500000| PB 0x00000000c3500000| Complete |  0
|   4|0x00000000c3600000, 0x00000000c3700000, 0x00000000c3700000|100%|HC|  |TAMS 0x00000000c3600000| PB 0x00000000c3600000| Complete |  0
|   5|0x00000000c3700000, 0x00000000c3800000, 0x00000000c3800000|100%|HC|  |TAMS 0x00000000c3700000| PB 0x00000000c3700000| Complete |  0
|   6|0x00000000c3800000, 0x00000000c3800000, 0x00000000c3900000|  0%| F|  |TAMS 0x00000000c3800000| PB 0x00000000c3800000| Untracked |  0
|   7|0x00000000c3900000, 0x00000000c3900000, 0x00000000c3a00000|  0%| F|  |TAMS 0x00000000c3900000| PB 0x00000000c3900000| Untracked |  0
|   8|0x00000000c3a00000, 0x00000000c3a00000, 0x00000000c3b00000|  0%| F|  |TAMS 0x00000000c3a00000| PB 0x00000000c3a00000| Untracked |  0
|   9|0x00000000c3b00000, 0x00000000c3b00000, 0x00000000c3c00000|  0%| F|  |TAMS 0x00000000c3b00000| PB 0x00000000c3b00000| Untracked |  0
|  10|0x00000000c3c00000, 0x00000000c3c00000, 0x00000000c3d00000|  0%| F|  |TAMS 0x00000000c3c00000| PB 0x00000000c3c00000| Untracked |  0
|  11|0x00000000c3d00000, 0x00000000c3d00000, 0x00000000c3e00000|  0%| F|  |TAMS 0x00000000c3d00000| PB 0x00000000c3d00000| Untracked |  0
|  12|0x00000000c3e00000, 0x00000000c3e00000, 0x00000000c3f00000|  0%| F|  |TAMS 0x00000000c3e00000| PB 0x00000000c3e00000| Untracked |  0
|  13|0x00000000c3f00000, 0x00000000c3f00000, 0x00000000c4000000|  0%| F|  |TAMS 0x00000000c3f00000| PB 0x00000000c3f00000| Untracked |  0
|  14|0x00000000c4000000, 0x00000000c4000000, 0x00000000c4100000|  0%| F|  |TAMS 0x00000000c4000000| PB 0x00000000c4000000| Untracked |  0
|  15|0x00000000c4100000, 0x00000000c4100000, 0x00000000c4200000|  0%| F|  |TAMS 0x00000000c4100000| PB 0x00000000c4100000| Untracked |  0
|  16|0x00000000c4200000, 0x00000000c4200000, 0x00000000c4300000|  0%| F|  |TAMS 0x00000000c4200000| PB 0x00000000c4200000| Untracked |  0
|  17|0x00000000c4300000, 0x00000000c4300000, 0x00000000c4400000|  0%| F|  |TAMS 0x00000000c4300000| PB 0x00000000c4300000| Untracked |  0
|  18|0x00000000c4400000, 0x00000000c4400000, 0x00000000c4500000|  0%| F|  |TAMS 0x00000000c4400000| PB 0x00000000c4400000| Untracked |  0
|  19|0x00000000c4500000, 0x00000000c4500000, 0x00000000c4600000|  0%| F|  |TAMS 0x00000000c4500000| PB 0x00000000c4500000| Untracked |  0
|  20|0x00000000c4600000, 0x00000000c4600000, 0x00000000c4700000|  0%| F|  |TAMS 0x00000000c4600000| PB 0x00000000c4600000| Untracked |  0
|  21|0x00000000c4700000, 0x00000000c4700000, 0x00000000c4800000|  0%| F|  |TAMS 0x00000000c4700000| PB 0x00000000c4700000| Untracked |  0
|  22|0x00000000c4800000, 0x00000000c4800000, 0x00000000c4900000|  0%| F|  |TAMS 0x00000000c4800000| PB 0x00000000c4800000| Untracked |  0
|  23|0x00000000c4900000, 0x00000000c4900000, 0x00000000c4a00000|  0%| F|  |TAMS 0x00000000c4900000| PB 0x00000000c4900000| Untracked |  0
|  24|0x00000000c4a00000, 0x00000000c4a00000, 0x00000000c4b00000|  0%| F|  |TAMS 0x00000000c4a00000| PB 0x00000000c4a00000| Untracked |  0
|  25|0x00000000c4b00000, 0x00000000c4b00000, 0x00000000c4c00000|  0%| F|  |TAMS 0x00000000c4b00000| PB 0x00000000c4b00000| Untracked |  0
|  26|0x00000000c4c00000, 0x00000000c4c00000, 0x00000000c4d00000|  0%| F|  |TAMS 0x00000000c4c00000| PB 0x00000000c4c00000| Untracked |  0
|  27|0x00000000c4d00000, 0x00000000c4d00000, 0x00000000c4e00000|  0%| F|  |TAMS 0x00000000c4d00000| PB 0x00000000c4d00000| Untracked |  0
|  28|0x00000000c4e00000, 0x00000000c4e00000, 0x00000000c4f00000|  0%| F|  |TAMS 0x00000000c4e00000| PB 0x00000000c4e00000| Untracked |  0
|  29|0x00000000c4f00000, 0x00000000c4f00000, 0x00000000c5000000|  0%| F|  |TAMS 0x00000000c4f00000| PB 0x00000000c4f00000| Untracked |  0
|  30|0x00000000c5000000, 0x00000000c5000000, 0x00000000c5100000|  0%| F|  |TAMS 0x00000000c5000000| PB 0x00000000c5000000| Untracked |  0
|  31|0x00000000c5100000, 0x00000000c5100000, 0x00000000c5200000|  0%| F|  |TAMS 0x00000000c5100000| PB 0x00000000c5100000| Untracked |  0
|  32|0x00000000c5200000, 0x00000000c5200000, 0x00000000c5300000|  0%| F|  |TAMS 0x00000000c5200000| PB 0x00000000c5200000| Untracked |  0
|  33|0x00000000c5300000, 0x00000000c5300000, 0x00000000c5400000|  0%| F|  |TAMS 0x00000000c5300000| PB 0x00000000c5300000| Untracked |  0
|  34|0x00000000c5400000, 0x00000000c5400000, 0x00000000c5500000|  0%| F|  |TAMS 0x00000000c5400000| PB 0x00000000c5400000| Untracked |  0
|  35|0x00000000c5500000, 0x00000000c5500000, 0x00000000c5600000|  0%| F|  |TAMS 0x00000000c5500000| PB 0x00000000c5500000| Untracked |  0
|  36|0x00000000c5600000, 0x00000000c5600000, 0x00000000c5700000|  0%| F|  |TAMS 0x00000000c5600000| PB 0x00000000c5600000| Untracked |  0
|  37|0x00000000c5700000, 0x00000000c5700000, 0x00000000c5800000|  0%| F|  |TAMS 0x00000000c5700000| PB 0x00000000c5700000| Untracked |  0
|  38|0x00000000c5800000, 0x00000000c5800000, 0x00000000c5900000|  0%| F|  |TAMS 0x00000000c5800000| PB 0x00000000c5800000| Untracked |  0
|  39|0x00000000c5900000, 0x00000000c5900000, 0x00000000c5a00000|  0%| F|  |TAMS 0x00000000c5900000| PB 0x00000000c5900000| Untracked |  0
|  40|0x00000000c5a00000, 0x00000000c5a00000, 0x00000000c5b00000|  0%| F|  |TAMS 0x00000000c5a00000| PB 0x00000000c5a00000| Untracked |  0
|  41|0x00000000c5b00000, 0x00000000c5b00000, 0x00000000c5c00000|  0%| F|  |TAMS 0x00000000c5b00000| PB 0x00000000c5b00000| Untracked |  0
|  42|0x00000000c5c00000, 0x00000000c5c00000, 0x00000000c5d00000|  0%| F|  |TAMS 0x00000000c5c00000| PB 0x00000000c5c00000| Untracked |  0
|  43|0x00000000c5d00000, 0x00000000c5d00000, 0x00000000c5e00000|  0%| F|  |TAMS 0x00000000c5d00000| PB 0x00000000c5d00000| Untracked |  0
|  44|0x00000000c5e00000, 0x00000000c5e00000, 0x00000000c5f00000|  0%| F|  |TAMS 0x00000000c5e00000| PB 0x00000000c5e00000| Untracked |  0
|  45|0x00000000c5f00000, 0x00000000c5f00000, 0x00000000c6000000|  0%| F|  |TAMS 0x00000000c5f00000| PB 0x00000000c5f00000| Untracked |  0
|  46|0x00000000c6000000, 0x00000000c6100000, 0x00000000c6100000|100%| S|CS|TAMS 0x00000000c6000000| PB 0x00000000c6000000| Complete |  0
|  47|0x00000000c6100000, 0x00000000c6200000, 0x00000000c6200000|100%| S|CS|TAMS 0x00000000c6100000| PB 0x00000000c6100000| Complete |  0
|  48|0x00000000c6200000, 0x00000000c6200000, 0x00000000c6300000|  0%| F|  |TAMS 0x00000000c6200000| PB 0x00000000c6200000| Untracked |  0
|  49|0x00000000c6300000, 0x00000000c6300000, 0x00000000c6400000|  0%| F|  |TAMS 0x00000000c6300000| PB 0x00000000c6300000| Untracked |  0
|  50|0x00000000c6400000, 0x00000000c6400000, 0x00000000c6500000|  0%| F|  |TAMS 0x00000000c6400000| PB 0x00000000c6400000| Untracked |  0
|  51|0x00000000c6500000, 0x00000000c6500000, 0x00000000c6600000|  0%| F|  |TAMS 0x00000000c6500000| PB 0x00000000c6500000| Untracked |  0
|  52|0x00000000c6600000, 0x00000000c6600000, 0x00000000c6700000|  0%| F|  |TAMS 0x00000000c6600000| PB 0x00000000c6600000| Untracked |  0
|  53|0x00000000c6700000, 0x00000000c67915f8, 0x00000000c6800000| 56%| E|  |TAMS 0x00000000c6700000| PB 0x00000000c6700000| Complete |  0
|  54|0x00000000c6800000, 0x00000000c6900000, 0x00000000c6900000|100%| E|CS|TAMS 0x00000000c6800000| PB 0x00000000c6800000| Complete |  0
|  55|0x00000000c6900000, 0x00000000c6a00000, 0x00000000c6a00000|100%| E|CS|TAMS 0x00000000c6900000| PB 0x00000000c6900000| Complete |  0
|  56|0x00000000c6a00000, 0x00000000c6b00000, 0x00000000c6b00000|100%| E|CS|TAMS 0x00000000c6a00000| PB 0x00000000c6a00000| Complete |  0
|  57|0x00000000c6b00000, 0x00000000c6c00000, 0x00000000c6c00000|100%| E|CS|TAMS 0x00000000c6b00000| PB 0x00000000c6b00000| Complete |  0
|  58|0x00000000c6c00000, 0x00000000c6d00000, 0x00000000c6d00000|100%| E|CS|TAMS 0x00000000c6c00000| PB 0x00000000c6c00000| Complete |  0
|  59|0x00000000c6d00000, 0x00000000c6e00000, 0x00000000c6e00000|100%| E|CS|TAMS 0x00000000c6d00000| PB 0x00000000c6d00000| Complete |  0
|  60|0x00000000c6e00000, 0x00000000c6f00000, 0x00000000c6f00000|100%| E|CS|TAMS 0x00000000c6e00000| PB 0x00000000c6e00000| Complete |  0
|  61|0x00000000c6f00000, 0x00000000c7000000, 0x00000000c7000000|100%| E|CS|TAMS 0x00000000c6f00000| PB 0x00000000c6f00000| Complete |  0

Card table byte_map: [0x000001e0fbb90000,0x000001e0fbd80000] _byte_map_base: 0x000001e0fb577000

Marking Bits: (CMBitMap*) 0x000001e0fb913e70
 Bits: [0x000001e0fbd80000, 0x000001e0fccb8000)

Polling page: 0x000001e0f9670000

Metaspace:

Usage:
  Non-class:     13.07 MB used.
      Class:      1.73 MB used.
       Both:     14.80 MB used.

Virtual space:
  Non-class space:       64.00 MB reserved,      13.19 MB ( 21%) committed,  1 nodes.
      Class space:        1.00 GB reserved,       1.81 MB ( <1%) committed,  1 nodes.
             Both:        1.06 GB reserved,      15.00 MB (  1%) committed. 

Chunk freelists:
   Non-Class:  2.44 MB
       Class:  14.19 MB
        Both:  16.63 MB

MaxMetaspaceSize: unlimited
CompressedClassSpaceSize: 1.00 GB
Initial GC threshold: 21.00 MB
Current GC threshold: 21.00 MB
CDS: on
 - commit_granule_bytes: 65536.
 - commit_granule_words: 8192.
 - virtual_space_node_default_size: 8388608.
 - enlarge_chunks_in_place: 1.
 - use_allocation_guard: 0.


Internal statistics:

num_allocs_failed_limit: 0.
num_arena_births: 226.
num_arena_deaths: 0.
num_vsnodes_births: 2.
num_vsnodes_deaths: 0.
num_space_committed: 240.
num_space_uncommitted: 0.
num_chunks_returned_to_freelist: 0.
num_chunks_taken_from_freelist: 422.
num_chunk_merges: 0.
num_chunk_splits: 239.
num_chunks_enlarged: 106.
num_inconsistent_stats: 0.

CodeHeap 'non-profiled nmethods': size=120064Kb used=709Kb max_used=709Kb free=119354Kb
 bounds [0x000001e090130000, 0x000001e0903a0000, 0x000001e097670000]
CodeHeap 'profiled nmethods': size=120000Kb used=4039Kb max_used=4039Kb free=115960Kb
 bounds [0x000001e088670000, 0x000001e088a70000, 0x000001e08fba0000]
CodeHeap 'non-nmethods': size=5696Kb used=1856Kb max_used=1875Kb free=3839Kb
 bounds [0x000001e08fba0000, 0x000001e08fe10000, 0x000001e090130000]
CodeCache: size=245760Kb, used=6604Kb, max_used=6623Kb, free=239153Kb
 total_blobs=3331, nmethods=2586, adapters=649, full_count=0
Compilation: enabled, stopped_count=0, restarted_count=0

Compilation events (20 events):
Event: 6363.527 Thread 0x000001e0977bebd0 2578       3       java.util.Locale::getDefault (4 bytes)
Event: 6363.531 Thread 0x000001e0977bebd0 nmethod 2578 0x000001e088a5f088 code [0x000001e088a5f1a0, 0x000001e088a5f298]
Event: 6363.532 Thread 0x000001e0977bebd0 2579       3       com.formdev.flatlaf.ui.FlatUIUtils::setRenderingHints (52 bytes)
Event: 6363.535 Thread 0x000001e0977bebd0 nmethod 2579 0x000001e088a5f388 code [0x000001e088a5f500, 0x000001e088a5fbd0]
Event: 6363.535 Thread 0x000001e0977bebd0 2580       3       sun.java2d.SunGraphics2D::getFont (19 bytes)
Event: 6363.537 Thread 0x000001e0977bebd0 nmethod 2580 0x000001e088a5fc88 code [0x000001e088a5fda0, 0x000001e088a5ff48]
Event: 6363.537 Thread 0x000001e0977bebd0 2582       3       sun.java2d.SunGraphics2D::clip (35 bytes)
Event: 6363.538 Thread 0x000001e0977bebd0 nmethod 2582 0x000001e088a5ff88 code [0x000001e088a600e0, 0x000001e088a60340]
Event: 6363.538 Thread 0x000001e0977bebd0 2583       3       sun.java2d.SunGraphics2D::intersectShapes (76 bytes)
Event: 6363.540 Thread 0x000001e0977bebd0 nmethod 2583 0x000001e088a60388 code [0x000001e088a60520, 0x000001e088a60f70]
Event: 6363.565 Thread 0x000001e0977bebd0 2584       3       java.awt.Component::repaint (11 bytes)
Event: 6363.566 Thread 0x000001e0977bebd0 nmethod 2584 0x000001e088a61008 code [0x000001e088a61120, 0x000001e088a61310]
Event: 6363.572 Thread 0x000001e0977bebd0 2585       3       sun.java2d.marlin.Renderer::tosubpixx (6 bytes)
Event: 6363.573 Thread 0x000001e0977bebd0 nmethod 2585 0x000001e088a61388 code [0x000001e088a614c0, 0x000001e088a615b0]
Event: 6363.573 Thread 0x000001e0977bebd0 2586       3       sun.java2d.marlin.Renderer::tosubpixy (10 bytes)
Event: 6363.573 Thread 0x000001e0977bebd0 nmethod 2586 0x000001e088a61688 code [0x000001e088a617c0, 0x000001e088a618b8]
Event: 6363.574 Thread 0x000001e0977bebd0 2587       3       sun.awt.image.SunVolatileImage::getWidth (5 bytes)
Event: 6363.576 Thread 0x000001e0977bebd0 nmethod 2587 0x000001e088a61988 code [0x000001e088a61aa0, 0x000001e088a61bd8]
Event: 6363.576 Thread 0x000001e0977bebd0 2588       3       sun.awt.image.SunVolatileImage::getHeight (5 bytes)
Event: 6363.576 Thread 0x000001e0977bebd0 nmethod 2588 0x000001e088a61c88 code [0x000001e088a61da0, 0x000001e088a61ed8]

GC Heap History (2 events):
Event: 1.497 GC heap before
{Heap before GC invocations=0 (full 0):
 garbage-first heap   total reserved 997376K, committed 63488K, used 14336K [0x00000000c3200000, 0x0000000100000000)
  region size 1024K, 14 young (14336K), 0 survivors (0K)
 Metaspace       used 9641K, committed 9856K, reserved 1114112K
  class space    used 1103K, committed 1216K, reserved 1048576K
}
Event: 1.502 GC heap after
{Heap after GC invocations=1 (full 0):
 garbage-first heap   total reserved 997376K, committed 63488K, used 3952K [0x00000000c3200000, 0x0000000100000000)
  region size 1024K, 2 young (2048K), 2 survivors (2048K)
 Metaspace       used 9641K, committed 9856K, reserved 1114112K
  class space    used 1103K, committed 1216K, reserved 1048576K
}

Dll operation events (11 events):
Event: 0.021 Loaded shared library C:\Program Files\Java\jdk-23\bin\java.dll
Event: 0.096 Loaded shared library C:\Program Files\Java\jdk-23\bin\jsvml.dll
Event: 0.255 Loaded shared library C:\Program Files\Java\jdk-23\bin\jimage.dll
Event: 0.262 Loaded shared library C:\Program Files\Java\jdk-23\bin\net.dll
Event: 0.264 Loaded shared library C:\Program Files\Java\jdk-23\bin\nio.dll
Event: 0.271 Loaded shared library C:\Program Files\Java\jdk-23\bin\zip.dll
Event: 0.305 Loaded shared library C:\Program Files\Java\jdk-23\bin\awt.dll
Event: 0.658 Loaded shared library C:\Program Files\Java\jdk-23\bin\freetype.dll
Event: 0.661 Loaded shared library C:\Program Files\Java\jdk-23\bin\fontmanager.dll
Event: 0.989 Loaded shared library C:\Users\Lenovo\AppData\Local\Temp\flatlaf.temp\flatlaf-windows-x86_64-551983446740000.dll
Event: 1.329 Loaded shared library C:\Program Files\Java\jdk-23\bin\verify.dll

Deoptimization events (20 events):
Event: 19.987 Thread 0x000001e097b9fdd0 Uncommon trap: trap_request=0xffffff45 fr.pc=0x000001e0901d6894 relative=0x0000000000000094
Event: 19.987 Thread 0x000001e097b9fdd0 Uncommon trap: reason=unstable_if action=reinterpret pc=0x000001e0901d6894 method=java.awt.Rectangle.inside(II)Z @ 35 c2
Event: 19.987 Thread 0x000001e097b9fdd0 DEOPT PACKING pc=0x000001e0901d6894 sp=0x0000004d97cfe630
Event: 19.987 Thread 0x000001e097b9fdd0 DEOPT UNPACKING pc=0x000001e08fbf7982 sp=0x0000004d97cfe5a0 mode 2
Event: 20.290 Thread 0x000001e097b9fdd0 Uncommon trap: trap_request=0xffffff3d fr.pc=0x000001e0901de39c relative=0x00000000000000dc
Event: 20.290 Thread 0x000001e097b9fdd0 Uncommon trap: reason=unstable_fused_if action=reinterpret pc=0x000001e0901de39c method=java.lang.StrictMath.floorOrCeil(DDDD)D @ 8 c2
Event: 20.290 Thread 0x000001e097b9fdd0 DEOPT PACKING pc=0x000001e0901de39c sp=0x0000004d97cfe570
Event: 20.290 Thread 0x000001e097b9fdd0 DEOPT UNPACKING pc=0x000001e08fbf7982 sp=0x0000004d97cfe430 mode 2
Event: 20.292 Thread 0x000001e097b9fdd0 Uncommon trap: trap_request=0xffffff3d fr.pc=0x000001e0901de090 relative=0x00000000000000f0
Event: 20.292 Thread 0x000001e097b9fdd0 Uncommon trap: reason=unstable_fused_if action=reinterpret pc=0x000001e0901de090 method=java.lang.StrictMath.floorOrCeil(DDDD)D @ 8 c2
Event: 20.292 Thread 0x000001e097b9fdd0 DEOPT PACKING pc=0x000001e0901de090 sp=0x0000004d97cfe1f0
Event: 20.292 Thread 0x000001e097b9fdd0 DEOPT UNPACKING pc=0x000001e08fbf7982 sp=0x0000004d97cfe168 mode 2
Event: 6363.510 Thread 0x000001e0dd77e170 Uncommon trap: trap_request=0xffffff45 fr.pc=0x000001e0901d5800 relative=0x0000000000000a00
Event: 6363.515 Thread 0x000001e0dd77e170 Uncommon trap: reason=unstable_if action=reinterpret pc=0x000001e0901d5800 method=sun.java2d.marlin.MarlinCache.copyAARowRLE_WithBlockFlags([I[IIII)V @ 517 c2
Event: 6363.517 Thread 0x000001e0dd77e170 DEOPT PACKING pc=0x000001e0901d5800 sp=0x0000004d97dfc3d0
Event: 6363.520 Thread 0x000001e0dd77e170 DEOPT UNPACKING pc=0x000001e08fbf7982 sp=0x0000004d97dfc290 mode 2
Event: 6363.527 Thread 0x000001e0dd77e170 Uncommon trap: trap_request=0xffffffc6 fr.pc=0x000001e090163e1c relative=0x00000000000003bc
Event: 6363.529 Thread 0x000001e0dd77e170 Uncommon trap: reason=bimorphic_or_optimized_type_check action=maybe_recompile pc=0x000001e090163e1c method=java.util.concurrent.ConcurrentHashMap.get(Ljava/lang/Object;)Ljava/lang/Object; @ 149 c2
Event: 6363.529 Thread 0x000001e0dd77e170 DEOPT PACKING pc=0x000001e090163e1c sp=0x0000004d97dfc7b0
Event: 6363.531 Thread 0x000001e0dd77e170 DEOPT UNPACKING pc=0x000001e08fbf7982 sp=0x0000004d97dfc730 mode 2

Classes loaded (20 events):
Event: 8.624 Loading class java/util/Vector$1
Event: 8.624 Loading class java/util/Vector$1 done
Event: 8.625 Loading class javax/swing/JTable$2
Event: 8.625 Loading class javax/swing/JTable$Resizable3
Event: 8.626 Loading class javax/swing/JTable$Resizable2
Event: 8.626 Loading class javax/swing/JTable$Resizable2 done
Event: 8.626 Loading class javax/swing/JTable$Resizable3 done
Event: 8.626 Loading class javax/swing/JTable$2 done
Event: 8.626 Loading class javax/swing/JTable$4
Event: 8.626 Loading class javax/swing/JTable$4 done
Event: 8.632 Loading class javax/swing/JTable$5
Event: 8.632 Loading class javax/swing/JTable$5 done
Event: 8.639 Loading class javax/swing/plaf/TreeUI
Event: 8.639 Loading class javax/swing/plaf/TreeUI done
Event: 20.004 Loading class java/awt/LightweightDispatcher$2
Event: 20.004 Loading class java/awt/LightweightDispatcher$2 done
Event: 2268.376 Loading class java/awt/desktop/SystemSleepListener
Event: 2268.414 Loading class java/awt/desktop/SystemEventListener
Event: 2268.428 Loading class java/awt/desktop/SystemEventListener done
Event: 2268.429 Loading class java/awt/desktop/SystemSleepListener done

Classes unloaded (0 events):
No events

Classes redefined (0 events):
No events

Internal exceptions (20 events):
Event: 0.288 Thread 0x000001e0f96d1470 Exception <a 'java/lang/ClassNotFoundException'{0x00000000c6d46a70}: sun/awt/resources/spi/awtProvider> (0x00000000c6d46a70) 
thrown [s\open\src\hotspot\share\classfile\systemDictionary.cpp, line 313]
Event: 0.321 Thread 0x000001e0f96d1470 Exception <a 'java/io/FileNotFoundException'{0x00000000c6d9b4b8}> (0x00000000c6d9b4b8) 
thrown [s\open\src\hotspot\share\prims\jni.cpp, line 520]
Event: 0.334 Thread 0x000001e0f96d1470 Exception <a 'java/io/FileNotFoundException'{0x00000000c6dc9828}> (0x00000000c6dc9828) 
thrown [s\open\src\hotspot\share\prims\jni.cpp, line 520]
Event: 0.537 Thread 0x000001e0f96d1470 Exception <a 'java/lang/NoSuchMethodError'{0x00000000c6baa868}: 'void java.lang.invoke.DirectMethodHandle$Holder.invokeSpecial(java.lang.Object, java.lang.Object, java.lang.Object)'> (0x00000000c6baa868) 
thrown [s\open\src\hotspot\share\interpreter\linkResolver.cpp, line 796]
Event: 0.552 Thread 0x000001e0f96d1470 Exception <a 'java/lang/NoSuchMethodError'{0x00000000c6bd6770}: 'void java.lang.invoke.DirectMethodHandle$Holder.invokeStatic(java.lang.Object, java.lang.Object)'> (0x00000000c6bd6770) 
thrown [s\open\src\hotspot\share\interpreter\linkResolver.cpp, line 796]
Event: 0.562 Thread 0x000001e0f96d1470 Exception <a 'java/lang/NoSuchMethodError'{0x00000000c6a22878}: 'java.lang.Object java.lang.invoke.DirectMethodHandle$Holder.invokeStatic(java.lang.Object, int, java.lang.Object)'> (0x00000000c6a22878) 
thrown [s\open\src\hotspot\share\interpreter\linkResolver.cpp, line 796]
Event: 0.573 Thread 0x000001e0f96d1470 Exception <a 'java/lang/ClassNotFoundException'{0x00000000c6a698f8}: com/sun/swing/internal/plaf/basic/resources/spi/basicProvider> (0x00000000c6a698f8) 
thrown [s\open\src\hotspot\share\classfile\systemDictionary.cpp, line 313]
Event: 0.579 Thread 0x000001e0f96d1470 Exception <a 'java/lang/NoSuchMethodError'{0x00000000c6a89f88}: 'int java.lang.invoke.DirectMethodHandle$Holder.invokeStatic(java.lang.Object)'> (0x00000000c6a89f88) 
thrown [s\open\src\hotspot\share\interpreter\linkResolver.cpp, line 796]
Event: 0.615 Thread 0x000001e0f96d1470 Exception <a 'java/lang/NoSuchMethodError'{0x00000000c6963a60}: 'java.lang.Object java.lang.invoke.DirectMethodHandle$Holder.newInvokeSpecial(java.lang.Object, java.lang.Object, int, java.lang.Object, float)'> (0x00000000c6963a60) 
thrown [s\open\src\hotspot\share\interpreter\linkResolver.cpp, line 796]
Event: 0.931 Thread 0x000001e0dd77e170 Implicit null exception at 0x000001e09016ee99 to 0x000001e09016f8f0
Event: 0.931 Thread 0x000001e0dd77e170 Implicit null exception at 0x000001e0901677e5 to 0x000001e090167cec
Event: 0.952 Thread 0x000001e0dd77e170 Exception <a 'java/lang/NoSuchMethodError'{0x00000000c6649dc8}: 'int java.lang.invoke.Invokers$Holder.invokeExact_MT(java.lang.Object, java.lang.Object)'> (0x00000000c6649dc8) 
thrown [s\open\src\hotspot\share\interpreter\linkResolver.cpp, line 796]
Event: 0.964 Thread 0x000001e0dd77e170 Exception <a 'sun/nio/fs/WindowsException'{0x00000000c666e2c0}> (0x00000000c666e2c0) 
thrown [s\open\src\hotspot\share\prims\jni.cpp, line 520]
Event: 1.150 Thread 0x000001e097b9fdd0 Exception <a 'java/lang/NoSuchMethodError'{0x00000000c6b56228}: 'void java.lang.invoke.DirectMethodHandle$Holder.invokeVirtual(java.lang.Object, java.lang.Object)'> (0x00000000c6b56228) 
thrown [s\open\src\hotspot\share\interpreter\linkResolver.cpp, line 796]
Event: 1.192 Thread 0x000001e0dd77e170 Exception <a 'java/lang/NoSuchMethodError'{0x00000000c65198f8}: 'void java.lang.invoke.DirectMethodHandle$Holder.invokeStaticInit(java.lang.Object)'> (0x00000000c65198f8) 
thrown [s\open\src\hotspot\share\interpreter\linkResolver.cpp, line 796]
Event: 1.298 Thread 0x000001e0dd77e170 Exception <a 'java/lang/NoSuchMethodError'{0x00000000c65ff220}: 'java.lang.Object java.lang.invoke.DirectMethodHandle$Holder.invokeVirtual(java.lang.Object, java.lang.Object, java.lang.Object, java.lang.Object)'> (0x00000000c65ff220) 
thrown [s\open\src\hotspot\share\interpreter\linkResolver.cpp, line 796]
Event: 1.349 Thread 0x000001e0dd7e6b30 Implicit null exception at 0x000001e09017bf14 to 0x000001e09017c5c8
Event: 1.349 Thread 0x000001e0dd7e6b30 Implicit null exception at 0x000001e09017b590 to 0x000001e09017bc38
Event: 1.406 Thread 0x000001e0dd7e6b30 Exception <a 'java/lang/NoSuchMethodError'{0x00000000c6238450}: 'java.lang.Object java.lang.invoke.DirectMethodHandle$Holder.newInvokeSpecial(java.lang.Object, java.lang.Object, java.lang.Object, int, int, int, int, int)'> (0x00000000c6238450) 
thrown [s\open\src\hotspot\share\interpreter\linkResolver.cpp, line 796]
Event: 2.202 Thread 0x000001e0dd77e170 Exception <a 'java/lang/NoSuchMethodError'{0x00000000c6924878}: 'int java.lang.invoke.DirectMethodHandle$Holder.invokeSpecial(java.lang.Object, java.lang.Object, java.lang.Object)'> (0x00000000c6924878) 
thrown [s\open\src\hotspot\share\interpreter\linkResolver.cpp, line 796]

VM Operations (20 events):
Event: 1.519 Executing VM operation: HandshakeAllThreads (Deoptimize)
Event: 1.519 Executing VM operation: HandshakeAllThreads (Deoptimize) done
Event: 1.567 Executing VM operation: HandshakeAllThreads (Deoptimize)
Event: 1.567 Executing VM operation: HandshakeAllThreads (Deoptimize) done
Event: 1.623 Executing VM operation: HandshakeAllThreads (Deoptimize)
Event: 1.623 Executing VM operation: HandshakeAllThreads (Deoptimize) done
Event: 1.652 Executing VM operation: HandshakeAllThreads (Deoptimize)
Event: 1.653 Executing VM operation: HandshakeAllThreads (Deoptimize) done
Event: 1.729 Executing VM operation: HandshakeAllThreads (Deoptimize)
Event: 1.729 Executing VM operation: HandshakeAllThreads (Deoptimize) done
Event: 1.810 Executing VM operation: HandshakeAllThreads (Deoptimize)
Event: 1.810 Executing VM operation: HandshakeAllThreads (Deoptimize) done
Event: 2.019 Executing VM operation: HandshakeAllThreads (Deoptimize)
Event: 2.019 Executing VM operation: HandshakeAllThreads (Deoptimize) done
Event: 2.204 Executing VM operation: HandshakeAllThreads (Deoptimize)
Event: 2.204 Executing VM operation: HandshakeAllThreads (Deoptimize) done
Event: 60.214 Executing VM operation: HandshakeAllThreads (HandshakeForDeflation)
Event: 60.214 Executing VM operation: HandshakeAllThreads (HandshakeForDeflation) done
Event: 60.214 Executing VM operation: RendezvousGCThreads
Event: 60.214 Executing VM operation: RendezvousGCThreads done

Memory protections (0 events):
No events

Nmethod flushes (0 events):
No events

Events (20 events):
Event: 0.092 Thread 0x000001e0f96d1470 Thread added: 0x000001e0977a8dd0
Event: 0.093 Thread 0x000001e0f96d1470 Thread added: 0x000001e0977af010
Event: 0.093 Thread 0x000001e0f96d1470 Thread added: 0x000001e0977afa70
Event: 0.093 Thread 0x000001e0f96d1470 Thread added: 0x000001e0977b4820
Event: 0.093 Thread 0x000001e0f96d1470 Thread added: 0x000001e0977b53b0
Event: 0.093 Thread 0x000001e0f96d1470 Thread added: 0x000001e0977bbfd0
Event: 0.093 Thread 0x000001e0f96d1470 Thread added: 0x000001e0977bebd0
Event: 0.182 Thread 0x000001e0f96d1470 Thread added: 0x000001e0979108c0
Event: 0.188 Thread 0x000001e0f96d1470 Thread added: 0x000001e097915d80
Event: 0.496 Thread 0x000001e0f96d1470 Thread added: 0x000001e097b9ba20
Event: 0.500 Thread 0x000001e0f96d1470 Thread added: 0x000001e097b9f760
Event: 0.503 Thread 0x000001e0f96d1470 Thread added: 0x000001e097b9fdd0
Event: 0.887 Thread 0x000001e0f96d1470 Thread added: 0x000001e0dd77e170
Event: 0.889 Thread 0x000001e0f96d1470 Thread exited: 0x000001e0f96d1470
Event: 0.889 Thread 0x000001e0f96d1470 Thread added: 0x000001e0f96d1470
Event: 1.344 Thread 0x000001e0dd77e170 Thread added: 0x000001e0dd7e6b30
Event: 1.608 Thread 0x000001e0dd77e170 Thread added: 0x000001e0de6a9cd0
Event: 6.804 Thread 0x000001e0dd7e6b30 Thread exited: 0x000001e0dd7e6b30
Event: 8.604 Thread 0x000001e0dd77e170 Thread added: 0x000001e0dd7bd8c0
Event: 13.612 Thread 0x000001e0dd7bd8c0 Thread exited: 0x000001e0dd7bd8c0


Dynamic libraries:
0x00007ff676b20000 - 0x00007ff676b30000 	C:\Program Files\Java\jdk-23\bin\java.exe
0x00007fffb2c30000 - 0x00007fffb2e47000 	C:\WINDOWS\SYSTEM32\ntdll.dll
0x00007fffb12b0000 - 0x00007fffb1374000 	C:\WINDOWS\System32\KERNEL32.DLL
0x00007fffafef0000 - 0x00007fffb02aa000 	C:\WINDOWS\System32\KERNELBASE.dll
0x00007fffb06a0000 - 0x00007fffb07b1000 	C:\WINDOWS\System32\ucrtbase.dll
0x00007fffa8690000 - 0x00007fffa86a7000 	C:\Program Files\Java\jdk-23\bin\jli.dll
0x00007fffb0f80000 - 0x00007fffb112e000 	C:\WINDOWS\System32\USER32.dll
0x00007fffb07c0000 - 0x00007fffb07e6000 	C:\WINDOWS\System32\win32u.dll
0x00007fffb1420000 - 0x00007fffb1449000 	C:\WINDOWS\System32\GDI32.dll
0x00007fffb04e0000 - 0x00007fffb05fb000 	C:\WINDOWS\System32\gdi32full.dll
0x00007fffb0600000 - 0x00007fffb069a000 	C:\WINDOWS\System32\msvcp_win.dll
0x00007fff9d600000 - 0x00007fff9d892000 	C:\WINDOWS\WinSxS\amd64_microsoft.windows.common-controls_6595b64144ccf1df_6.0.22621.4541_none_2710d1c57384c085\COMCTL32.dll
0x00007fff9ce30000 - 0x00007fff9ce4b000 	C:\Program Files\Java\jdk-23\bin\VCRUNTIME140.dll
0x00007fffb0c00000 - 0x00007fffb0ca7000 	C:\WINDOWS\System32\msvcrt.dll
0x00007fffb1130000 - 0x00007fffb1161000 	C:\WINDOWS\System32\IMM32.DLL
0x00007fffa9c60000 - 0x00007fffa9c6c000 	C:\Program Files\Java\jdk-23\bin\vcruntime140_1.dll
0x00007fff9aa70000 - 0x00007fff9aafe000 	C:\Program Files\Java\jdk-23\bin\msvcp140.dll
0x00007fff29420000 - 0x00007fff2a16f000 	C:\Program Files\Java\jdk-23\bin\server\jvm.dll
0x00007fffb1db0000 - 0x00007fffb1e62000 	C:\WINDOWS\System32\ADVAPI32.dll
0x00007fffb0b40000 - 0x00007fffb0be7000 	C:\WINDOWS\System32\sechost.dll
0x00007fffb07f0000 - 0x00007fffb0818000 	C:\WINDOWS\System32\bcrypt.dll
0x00007fffb0930000 - 0x00007fffb0a44000 	C:\WINDOWS\System32\RPCRT4.dll
0x00007fffb13a0000 - 0x00007fffb1411000 	C:\WINDOWS\System32\WS2_32.dll
0x00007fffafdb0000 - 0x00007fffafdfd000 	C:\WINDOWS\SYSTEM32\POWRPROF.dll
0x00007fffa83e0000 - 0x00007fffa8414000 	C:\WINDOWS\SYSTEM32\WINMM.dll
0x00007fffa5370000 - 0x00007fffa537a000 	C:\WINDOWS\SYSTEM32\VERSION.dll
0x00007fffafd90000 - 0x00007fffafda3000 	C:\WINDOWS\SYSTEM32\UMPDC.dll
0x00007fffaef30000 - 0x00007fffaef48000 	C:\WINDOWS\SYSTEM32\kernel.appcore.dll
0x00007fffa9270000 - 0x00007fffa927a000 	C:\Program Files\Java\jdk-23\bin\jimage.dll
0x00007fffad750000 - 0x00007fffad982000 	C:\WINDOWS\SYSTEM32\DBGHELP.DLL
0x00007fffb1e70000 - 0x00007fffb2201000 	C:\WINDOWS\System32\combase.dll
0x00007fffb11d0000 - 0x00007fffb12a7000 	C:\WINDOWS\System32\OLEAUT32.dll
0x00007fff95c50000 - 0x00007fff95c82000 	C:\WINDOWS\SYSTEM32\dbgcore.DLL
0x00007fffb0820000 - 0x00007fffb089b000 	C:\WINDOWS\System32\bcryptPrimitives.dll
0x00007fff9b100000 - 0x00007fff9b11e000 	C:\Program Files\Java\jdk-23\bin\java.dll
0x00007fffb0cb0000 - 0x00007fffb0e55000 	C:\WINDOWS\System32\ole32.dll
0x00007fffb2270000 - 0x00007fffb2ae9000 	C:\WINDOWS\System32\SHELL32.dll
0x00007fffade30000 - 0x00007fffae739000 	C:\WINDOWS\SYSTEM32\windows.storage.dll
0x00007fffadcf0000 - 0x00007fffade2f000 	C:\WINDOWS\SYSTEM32\wintypes.dll
0x00007fffb2af0000 - 0x00007fffb2bea000 	C:\WINDOWS\System32\SHCORE.dll
0x00007fffb1170000 - 0x00007fffb11ce000 	C:\WINDOWS\System32\shlwapi.dll
0x00007fffafe20000 - 0x00007fffafe4b000 	C:\WINDOWS\SYSTEM32\profapi.dll
0x00007fff9a040000 - 0x00007fff9a117000 	C:\Program Files\Java\jdk-23\bin\jsvml.dll
0x00007fffa8680000 - 0x00007fffa8690000 	C:\Program Files\Java\jdk-23\bin\net.dll
0x00007fffaf3b0000 - 0x00007fffaf419000 	C:\WINDOWS\system32\mswsock.dll
0x00007fff9aa50000 - 0x00007fff9aa66000 	C:\Program Files\Java\jdk-23\bin\nio.dll
0x00007fff9aa30000 - 0x00007fff9aa47000 	C:\Program Files\Java\jdk-23\bin\zip.dll
0x00007fff80ee0000 - 0x00007fff8106e000 	C:\Program Files\Java\jdk-23\bin\awt.dll
0x00007fffabb50000 - 0x00007fffabbe7000 	C:\WINDOWS\SYSTEM32\apphelp.dll
0x00007fffacf80000 - 0x00007fffad031000 	C:\WINDOWS\system32\uxtheme.dll
0x00007fffb1a80000 - 0x00007fffb1be1000 	C:\WINDOWS\System32\MSCTF.dll
0x00007fffad2e0000 - 0x00007fffad30b000 	C:\WINDOWS\system32\DWMAPI.DLL
0x00007fff9a980000 - 0x00007fff9aa07000 	C:\Program Files\Java\jdk-23\bin\freetype.dll
0x00007fff81a90000 - 0x00007fff81b67000 	C:\Program Files\Java\jdk-23\bin\fontmanager.dll
0x00007fff850f0000 - 0x00007fff851f0000 	C:\WINDOWS\system32\opengl32.dll
0x00007fff85080000 - 0x00007fff850ad000 	C:\WINDOWS\SYSTEM32\GLU32.dll
0x00007fffad090000 - 0x00007fffad0c7000 	C:\WINDOWS\SYSTEM32\dxcore.dll
0x00007fffa9c50000 - 0x00007fffa9c56000 	C:\Users\Lenovo\AppData\Local\Temp\flatlaf.temp\flatlaf-windows-x86_64-551983446740000.dll
0x00007fff9bfb0000 - 0x00007fff9bfb7000 	C:\Program Files\Java\jdk-23\bin\jawt.dll
0x00007fff9ce20000 - 0x00007fff9ce30000 	C:\Program Files\Java\jdk-23\bin\verify.dll
0x00007fff9e2c0000 - 0x00007fff9e405000 	C:\WINDOWS\SYSTEM32\textinputframework.dll
0x00007fffab6b0000 - 0x00007fffab7e3000 	C:\WINDOWS\SYSTEM32\CoreMessaging.dll
0x00007fffa7c90000 - 0x00007fffa7ffd000 	C:\WINDOWS\SYSTEM32\CoreUIComponents.dll
0x00007fffaf600000 - 0x00007fffaf60c000 	C:\WINDOWS\SYSTEM32\CRYPTBASE.DLL
0x00007fffb0ed0000 - 0x00007fffb0f80000 	C:\WINDOWS\System32\clbcatq.dll
0x00007fffacd80000 - 0x00007fffacf30000 	C:\WINDOWS\SYSTEM32\WindowsCodecs.dll
0x00007fff80830000 - 0x00007fff8088e000 	C:\WINDOWS\system32\dataexchange.dll
0x00007fffa6960000 - 0x00007fffa6c04000 	C:\WINDOWS\system32\twinapi.appcore.dll

dbghelp: loaded successfully - version: 4.0.5 - missing functions: none
symbol engine: initialized successfully - sym options: 0x614 - pdb path: .;C:\Program Files\Java\jdk-23\bin;C:\WINDOWS\SYSTEM32;C:\WINDOWS\WinSxS\amd64_microsoft.windows.common-controls_6595b64144ccf1df_6.0.22621.4541_none_2710d1c57384c085;C:\Program Files\Java\jdk-23\bin\server;C:\Users\Lenovo\AppData\Local\Temp\flatlaf.temp

VM Arguments:
java_command: Vista.secciones
java_class_path (initial): C:\Users\Lenovo\Documents\NetBeansProjects\prueba16-2-25\target\classes;C:\Users\Lenovo\.m2\repository\com\mysql\mysql-connector-j\9.1.0\mysql-connector-j-9.1.0.jar;C:\Users\Lenovo\.m2\repository\com\google\protobuf\protobuf-java\4.26.1\protobuf-java-4.26.1.jar;C:\Users\Lenovo\.m2\repository\com\formdev\flatlaf-intellij-themes\3.5.4\flatlaf-intellij-themes-3.5.4.jar;C:\Users\Lenovo\.m2\repository\com\toedter\jcalendar\1.4\jcalendar-1.4.jar;C:\Users\Lenovo\.m2\repository\org\netbeans\external\AbsoluteLayout\RELEASE90\AbsoluteLayout-RELEASE90.jar;C:\Users\Lenovo\.m2\repository\com\formdev\flatlaf\3.5.4\flatlaf-3.5.4.jar
Launcher Type: SUN_STANDARD

[Global flags]
     intx CICompilerCount                          = 3                                         {product} {ergonomic}
     uint ConcGCThreads                            = 1                                         {product} {ergonomic}
     uint G1ConcRefinementThreads                  = 4                                         {product} {ergonomic}
   size_t G1HeapRegionSize                         = 1048576                                   {product} {ergonomic}
   size_t InitialHeapSize                          = 65011712                                  {product} {ergonomic}
   size_t MarkStackSize                            = 4194304                                   {product} {ergonomic}
   size_t MarkStackSizeMax                         = 536870912                                 {product} {ergonomic}
   size_t MaxHeapSize                              = 1021313024                                {product} {ergonomic}
   size_t MaxNewSize                               = 612368384                                 {product} {ergonomic}
   size_t MinHeapDeltaBytes                        = 1048576                                   {product} {ergonomic}
   size_t MinHeapSize                              = 8388608                                   {product} {ergonomic}
    uintx NonNMethodCodeHeapSize                   = 5832704                                {pd product} {ergonomic}
    uintx NonProfiledCodeHeapSize                  = 122945536                              {pd product} {ergonomic}
    uintx ProfiledCodeHeapSize                     = 122880000                              {pd product} {ergonomic}
    uintx ReservedCodeCacheSize                    = 251658240                              {pd product} {ergonomic}
     bool SegmentedCodeCache                       = true                                      {product} {ergonomic}
   size_t SoftMaxHeapSize                          = 1021313024                             {manageable} {ergonomic}
     bool UseCompressedOops                        = true                           {product lp64_product} {ergonomic}
     bool UseG1GC                                  = true                                      {product} {ergonomic}
     bool UseLargePagesIndividualAllocation        = false                                  {pd product} {ergonomic}

Logging:
Log output configuration:
 #0: stdout all=warning uptime,level,tags foldmultilines=false
 #1: stderr all=off uptime,level,tags foldmultilines=false

Environment Variables:
JAVA_HOME=C:\Program Files\Java\jdk-23
PATH=C:\Program Files\Common Files\Oracle\Java\javapath;C:\WINDOWS\system32;C:\WINDOWS;C:\WINDOWS\System32\Wbem;C:\WINDOWS\System32\WindowsPowerShell\v1.0\;C:\WINDOWS\System32\OpenSSH\;C:\Program Files\Microsoft SQL Server\150\Tools\Binn\;C:\Program Files\dotnet\;C:\Program Files\MongoDB\Server\8.0\bin;C:\Program Files\MongoDB\mongosh-2.3.3-win32-x64;C:\Program Files\nodejs\;D:\Git\cmd;C:\Users\Lenovo\AppData\Local\Microsoft\WindowsApps;C:\Users\Lenovo\AppData\Local\Programs\Microsoft VS Code\bin;C:\Users\Lenovo\.dotnet\tools;C:\Users\Lenovo\AppData\Local\GitHubDesktop\bin;C:\Program Files\MongoDB\mongosh-2.3.3-win32-x64\bin;C:\Users\Lenovo\AppData\Local\Microsoft\WinGet\Packages\Schniz.fnm_Microsoft.Winget.Source_8wekyb3d8bbwe;C:\Users\Lenovo\AppData\Roaming\npm;C:\Users\Lenovo\AppData\Local\Microsoft\WindowsApps;
USERNAME=Lenovo
OS=Windows_NT
PROCESSOR_IDENTIFIER=Intel64 Family 6 Model 126 Stepping 5, GenuineIntel
TMP=C:\Users\Lenovo\AppData\Local\Temp
TEMP=C:\Users\Lenovo\AppData\Local\Temp




Periodic native trim disabled

---------------  S Y S T E M  ---------------

OS:
 Windows 11 , 64 bit Build 22621 (10.0.22621.4391)
OS uptime: 0 days 17:05 hours

CPU: total 4 (initial active 4) (2 cores per cpu, 2 threads per core) family 6 model 126 stepping 5 microcode 0x86, cx8, cmov, fxsr, ht, mmx, 3dnowpref, sse, sse2, sse3, ssse3, sse4.1, sse4.2, popcnt, lzcnt, tsc, tscinvbit, avx, avx2, aes, erms, clmul, bmi1, bmi2, adx, avx512f, avx512dq, avx512cd, avx512bw, avx512vl, sha, fma, vzeroupper, avx512_vpopcntdq, avx512_vpclmulqdq, avx512_vaes, avx512_vnni, clflush, clflushopt, avx512_vbmi2, avx512_vbmi, rdtscp, rdpid, fsrm, gfni, avx512_bitalg, f16c, pku, avx512_ifma
Processor Information for the first 4 processors :
  Max Mhz: 1190, Current Mhz: 1190, Mhz Limit: 1190

Memory: 4k page, system-wide physical 3891M (286M free)
TotalPageFile size 15667M (AvailPageFile size 7M)
current process WorkingSet (physical memory assigned to process): 36M, peak: 99M
current process commit charge ("private bytes"): 166M, peak: 167M

vm_info: Java HotSpot(TM) 64-Bit Server VM (23.0.1+11-39) for windows-amd64 JRE (23.0.1+11-39), built on 2024-09-30T07:20:43Z with MS VC++ 17.6 (VS2022)

END.
